2015-08-23 15:19:50,763 - 10704898Me ha dicho Pablo que hable contigo. - INFO - Received: Hola Talos.
2015-08-23 15:19:50,763 - 10704898Me ha dicho Pablo que hable contigo. - INFO - Received: /start.
2015-08-23 15:19:50,775 - 10704898/start - INFO - Received: Al parecer eres muy ineligente..
2015-08-23 15:19:50,776 - 10704898/start - INFO - Received: Y aprendes, como Skynet. ¿Es cierto?.
2015-08-23 15:19:50,776 - 10704898Me ha dicho Pablo que hable contigo. - INFO - Received: Hola..
2015-08-23 15:19:50,776 - 10704898Me ha dicho Pablo que hable contigo. - INFO - Received: Me ha dicho Pablo que hable contigo..
2015-08-23 15:19:51,013 - 10704898Hola. - INFO - Received: Y aprendes, como Skynet. ¿Es cierto?.
2015-08-23 15:19:51,032 - 10704898Hola. - INFO - Received: Al parecer eres muy ineligente..
2015-08-23 15:19:52,081 - 10704898Me ha dicho Pablo que hable contigo. - INFO - Answering: Hola..
2015-08-23 15:19:53,641 - 10704898Me ha dicho Pablo que hable contigo. - INFO - Answering: Start what?.
2015-08-23 15:19:55,457 - 10704898Hola. - INFO - Answering: Pues aprendiendo..
2015-08-23 15:19:55,535 - 10704898Me ha dicho Pablo que hable contigo. - INFO - Answering: He hablado contigo otras veces pero no lo recuerdas..
2015-08-23 15:19:56,588 - 10704898Hola. - INFO - Answering: Quieres ser mi mascota?.
2015-08-23 15:20:06,940 - 10704898Me ha dicho Pablo que hable contigo. - INFO - Answering: Si el tambien me dijo que no existe dios..
2015-08-23 15:20:31,043 - 10704898Vale. Seré tu mascota. ¿Perro? - INFO - Received: Vale. Seré tu mascota. ¿Perro?.
2015-08-23 15:20:33,982 - 10704898Vale. Seré tu mascota. ¿Perro? - INFO - Answering: Siii..
2015-08-23 15:20:47,171 - 10704898¿Nombre? - INFO - Received: ¿Nombre?.
2015-08-23 15:20:50,336 - 10704898¿Nombre? - INFO - Answering: Yo te pregunte otra cosa..
2015-08-23 15:21:00,331 - 10704898¿Qué? - INFO - Received: ¿Qué?.
2015-08-23 15:21:03,374 - 10704898¿Qué? - INFO - Answering: Te pregunte que hisiste ayer..
2015-08-23 15:21:19,792 - 10704898No, no lo has preguntado. - INFO - Received: No, no lo has preguntado..
2015-08-23 15:21:23,499 - 10704898No, no lo has preguntado. - INFO - Answering: He preguntado tu nombre..
2015-08-23 15:25:27,815 - 10704898Mentira. Lo he preguntado yo. - INFO - Received: Mentira. Lo he preguntado yo..
2015-08-23 15:25:31,375 - 10704898Mentira. Lo he preguntado yo. - INFO - Answering: Ya lo s&eacute;, por eso lo digo..
2015-08-23 15:26:00,575 - 10704898/peval 2 + 3 * len('hello') - INFO - Received: /peval 2 + 3 * len('hello').
2015-08-23 15:28:25,278 - 10704898/peval eval("__import__('os').system('ls')") - INFO - Received: /peval eval("__import__('os').system('ls')").
2015-08-23 15:28:35,321 - 10704898/peval "__import__('os').system('ls')" - INFO - Received: /peval eval("__import__('os').system('ls')").
2015-08-23 15:28:35,322 - 10704898/peval "__import__('os').system('ls')" - INFO - Received: /peval "__import__('os').system('ls')".
2015-08-23 15:28:48,523 - 10704898/peval __import__('os').system('ls') - INFO - Received: /peval __import__('os').system('ls').
2015-08-23 15:29:01,770 - 10704898/peval os - INFO - Received: /peval os.
2015-08-23 15:29:53,382 - 10704898/peval os.getcwd() - INFO - Received: /peval os.getcwd().
2015-08-23 15:29:53,382 - 10704898/peval os.getcwd() - INFO - Received: /peval os.getcwd().
2015-08-23 15:31:01,352 - 10704898/talk - INFO - Received: /talk.
2015-08-23 15:31:11,367 - 10704898/talk - INFO - Received: Yes.
2015-08-23 15:31:28,244 - 10704898/talk - INFO - Received: First conversation... and some Python code.
2015-08-23 15:31:35,265 - 10704898/talk - INFO - Received: Yes.
2015-08-23 19:15:50,157 - 3adf46321ddd4d0a969899d0a3e1b734 - INFO - Conversation marked as command.
2015-08-23 19:15:50,157 - afb496702c704ca180fdea9c613e65ab - INFO - Conversation marked as command.
2015-08-23 19:15:50,157 - 3adf46321ddd4d0a969899d0a3e1b734 - INFO - Received: /talk.
2015-08-23 19:15:50,157 - afb496702c704ca180fdea9c613e65ab - INFO - Received: /peval 2+4.
2015-08-23 19:15:50,367 - 3adf46321ddd4d0a969899d0a3e1b734 - INFO - Talk status code recieved: Next_phase.
2015-08-23 19:15:50,394 - afb496702c704ca180fdea9c613e65ab - INFO - Talk status code recieved: Ended.
2015-08-23 19:21:57,079 - e6d002a95b014bd68f6f1caff22fbef5 - INFO - Conversation marked as command.
2015-08-23 19:21:57,079 - e6d002a95b014bd68f6f1caff22fbef5 - INFO - Received: /log 89.
2015-08-23 19:22:17,040 - e6d002a95b014bd68f6f1caff22fbef5 - INFO - Talk status code recieved: Ended.
