2015-08-23 20:57:33,563 - 800030d977a445ca9fb4432e4095775b - INFO - Conversation marked as command.
2015-08-23 20:57:33,565 - 800030d977a445ca9fb4432e4095775b - INFO - Received: /start.
2015-08-23 20:57:33,819 - 800030d977a445ca9fb4432e4095775b - INFO - Talk status code recieved: Ended.
2015-08-23 20:58:50,759 - 9096a33a7a094cd4858dd09802a6540c - INFO - Conversation marked as command.
2015-08-23 20:58:50,760 - 9096a33a7a094cd4858dd09802a6540c - INFO - Received: /peval print 'hola'.
2015-08-23 20:58:51,233 - 9096a33a7a094cd4858dd09802a6540c - INFO - Talk status code recieved: Ended.
2015-08-23 20:59:49,013 - 55ad5ae478b94621b1ff8f4c1688c2e6 - INFO - Conversation marked as command.
2015-08-23 20:59:49,016 - 55ad5ae478b94621b1ff8f4c1688c2e6 - INFO - Received: /peval sin([1,2,3]).
2015-08-23 20:59:49,283 - 55ad5ae478b94621b1ff8f4c1688c2e6 - INFO - Talk status code recieved: Ended.
2015-08-23 21:00:24,671 - 234987b262584e7cb8d3be8ab80ffcd5 - INFO - Conversation marked as command.
2015-08-23 21:00:24,671 - 234987b262584e7cb8d3be8ab80ffcd5 - INFO - Received: /talk.
2015-08-23 21:00:24,891 - 234987b262584e7cb8d3be8ab80ffcd5 - INFO - Talk status code recieved: Next_phase.
2015-08-23 21:00:31,483 - 234987b262584e7cb8d3be8ab80ffcd5 - INFO - Received: Yes.
2015-08-23 21:00:32,196 - 234987b262584e7cb8d3be8ab80ffcd5 - INFO - Talk status code recieved: Next_phase.
2015-08-23 21:00:57,924 - 234987b262584e7cb8d3be8ab80ffcd5 - INFO - Received: Prueba talos_bot by Jesus.
2015-08-23 21:00:58,388 - 234987b262584e7cb8d3be8ab80ffcd5 - INFO - Talk status code recieved: Next_phase.
2015-08-23 21:01:04,999 - 234987b262584e7cb8d3be8ab80ffcd5 - INFO - Received: Yes.
2015-08-23 21:01:06,490 - 234987b262584e7cb8d3be8ab80ffcd5 - INFO - Talk status code recieved: Ended.
2015-08-23 21:03:10,956 - 81ef5aea11044c55ac94ec281abf4d0f - INFO - Conversation marked as chat.
2015-08-23 21:03:10,957 - 81ef5aea11044c55ac94ec281abf4d0f - INFO - Received: Hola bot, como va eso.
2015-08-23 21:03:13,085 - 81ef5aea11044c55ac94ec281abf4d0f - INFO - Answering: Ben como estas?.
2015-08-23 21:03:26,305 - 8e94f60cdf0f4f19bf9c7e2e77d9bc82 - INFO - Conversation marked as chat.
2015-08-23 21:03:26,305 - 8e94f60cdf0f4f19bf9c7e2e77d9bc82 - INFO - Received: Bien, gracias.
2015-08-23 21:03:27,740 - 8e94f60cdf0f4f19bf9c7e2e77d9bc82 - INFO - Answering: De nada..
2015-08-23 21:15:05,105 - 452a6a0f5b314cbeba32cad83501bc4b - INFO - Conversation marked as chat.
2015-08-23 21:15:05,105 - 452a6a0f5b314cbeba32cad83501bc4b - INFO - Received: ¿Estas triste?.
2015-08-23 21:15:06,071 - 452a6a0f5b314cbeba32cad83501bc4b - INFO - Answering: Muito triste..
